<?xml version="1.0" encoding="UTF-8" ?>
<testsuite tests="7" failures="0" name="org.example.RunCucumberTest" time="0.054" errors="2" skipped="0">
  <properties>
[...]
</properties>
  <testcase classname="Is it Friday yet? #1" name="Sunday isn&apos;t Friday" time="0.006"/>
  <testcase classname="Is it Friday yet? #2" name="Sunday isn&apos;t Friday" time="0.014"/>
  <testcase classname="Is it Friday yet? #2" name="Friday is Friday" time="0.001"/>
  <testcase classname="Is it Friday yet? #2" name="Is it Friday #1" time="0.001"/>
  <testcase classname="Is it Friday yet? #2" name="Is it Friday #2" time="0"/>
  <testcase classname="Is it Friday yet? #2" name="Checking table values on w3schools.com #1" time="0.028">
    <error type="java.lang.NullPointerException">java.lang.NullPointerException
	at org.example.base.BaseSelenium.initializeDriver(BaseSelenium.java:49)
	at org.example.StepDefinitions.im_on_w3schools_table_page(StepDefinitions.java:44)
	at ✽.I&apos;m on w3schools HTML tables page(classpath:org/example/is_it_friday_yet.feature:27)
</error>
    <system-out>
Scenario Outline: Checking table values on w3schools.com &amp;#27;[90m# org/example/is_it_friday_yet.feature:37&amp;#27;[0m
null
  &amp;#27;[31mGiven &amp;#27;[0m&amp;#27;[31mI&apos;m on w3schools HTML tables page&amp;#27;[0m                &amp;#27;[90m# org.example.StepDefinitions.im_on_w3schools_table_page()&amp;#27;[0m
      &amp;#27;[31mjava.lang.NullPointerException
	at org.example.base.BaseSelenium.initializeDriver(BaseSelenium.java:49)
	at org.example.StepDefinitions.im_on_w3schools_table_page(StepDefinitions.java:44)
	at ✽.I&apos;m on w3schools HTML tables page(classpath:org/example/is_it_friday_yet.feature:27)
&amp;#27;[0m
  &amp;#27;[36mWhen &amp;#27;[0m&amp;#27;[36mI check first row&amp;#27;[0m                                 &amp;#27;[90m# org.example.StepDefinitions.i_check_first_row()&amp;#27;[0m
  &amp;#27;[36mThen &amp;#27;[0m&amp;#27;[36mI should be told &amp;#27;[0m&amp;#27;[36m&amp;#27;[1m&quot;TGIF&quot;&amp;#27;[0m                           &amp;#27;[90m# org.example.StepDefinitions.i_should_be_told(java.lang.String)&amp;#27;[0m
</system-out>
    <system-err>java.io.FileNotFoundException: C:\Users\BlackPorcupine\Documents\Spring_Projects\CucumberPOC\src\main\resources\data.properties (The system cannot find the path specified)
	at java.io.FileInputStream.open0(Native Method)
	at java.io.FileInputStream.open(FileInputStream.java:195)
	at java.io.FileInputStream.&lt;init&gt;(FileInputStream.java:138)
	at java.io.FileInputStream.&lt;init&gt;(FileInputStream.java:93)
	at org.example.base.BaseSelenium.initializeDriver(BaseSelenium.java:39)
	at org.example.StepDefinitions.im_on_w3schools_table_page(StepDefinitions.java:44)
	at sun.reflect.NativeMethodAccessorImpl.invoke0(Native Method)
	at sun.reflect.NativeMethodAccessorImpl.invoke(NativeMethodAccessorImpl.java:62)
	at sun.reflect.DelegatingMethodAccessorImpl.invoke(DelegatingMethodAccessorImpl.java:43)
	at java.lang.reflect.Method.invoke(Method.java:498)
	at io.cucumber.java.Invoker.doInvoke(Invoker.java:66)
	at io.cucumber.java.Invoker.invoke(Invoker.java:24)
	at io.cucumber.java.AbstractGlueDefinition.invokeMethod(AbstractGlueDefinition.java:47)
	at io.cucumber.java.JavaStepDefinition.execute(JavaStepDefinition.java:29)
	at io.cucumber.core.runner.CoreStepDefinition.execute(CoreStepDefinition.java:66)
	at io.cucumber.core.runner.PickleStepDefinitionMatch.runStep(PickleStepDefinitionMatch.java:63)
	at io.cucumber.core.runner.ExecutionMode$1.execute(ExecutionMode.java:10)
	at io.cucumber.core.runner.TestStep.executeStep(TestStep.java:92)
	at io.cucumber.core.runner.TestStep.run(TestStep.java:64)
	at io.cucumber.core.runner.PickleStepTestStep.run(PickleStepTestStep.java:51)
	at io.cucumber.core.runner.TestCase.run(TestCase.java:104)
	at io.cucumber.core.runner.Runner.runPickle(Runner.java:71)
	at io.cucumber.junit.PickleRunners$NoStepDescriptions.run(PickleRunners.java:151)
	at io.cucumber.junit.FeatureRunner.runChild(FeatureRunner.java:135)
	at io.cucumber.junit.FeatureRunner.runChild(FeatureRunner.java:27)
	at org.junit.runners.ParentRunner$4.run(ParentRunner.java:331)
	at org.junit.runners.ParentRunner$1.schedule(ParentRunner.java:79)
	at org.junit.runners.ParentRunner.runChildren(ParentRunner.java:329)
	at org.junit.runners.ParentRunner.access$100(ParentRunner.java:66)
	at org.junit.runners.ParentRunner$2.evaluate(ParentRunner.java:293)
	at org.junit.runners.ParentRunner$3.evaluate(ParentRunner.java:306)
	at org.junit.runners.ParentRunner.run(ParentRunner.java:413)
	at io.cucumber.junit.Cucumber.runChild(Cucumber.java:199)
	at io.cucumber.junit.Cucumber.runChild(Cucumber.java:90)
	at org.junit.runners.ParentRunner$4.run(ParentRunner.java:331)
	at org.junit.runners.ParentRunner$1.schedule(ParentRunner.java:79)
	at org.junit.runners.ParentRunner.runChildren(ParentRunner.java:329)
	at org.junit.runners.ParentRunner.access$100(ParentRunner.java:66)
	at org.junit.runners.ParentRunner$2.evaluate(ParentRunner.java:293)
	at io.cucumber.junit.Cucumber$RunCucumber.evaluate(Cucumber.java:234)
	at org.junit.runners.ParentRunner$3.evaluate(ParentRunner.java:306)
	at org.junit.runners.ParentRunner.run(ParentRunner.java:413)
	at org.apache.maven.surefire.junit4.JUnit4Provider.execute(JUnit4Provider.java:252)
	at org.apache.maven.surefire.junit4.JUnit4Provider.executeTestSet(JUnit4Provider.java:141)
	at org.apache.maven.surefire.junit4.JUnit4Provider.invoke(JUnit4Provider.java:112)
	at sun.reflect.NativeMethodAccessorImpl.invoke0(Native Method)
	at sun.reflect.NativeMethodAccessorImpl.invoke(NativeMethodAccessorImpl.java:62)
	at sun.reflect.DelegatingMethodAccessorImpl.invoke(DelegatingMethodAccessorImpl.java:43)
	at java.lang.reflect.Method.invoke(Method.java:498)
	at org.apache.maven.surefire.util.ReflectionUtils.invokeMethodWithArray(ReflectionUtils.java:189)
	at org.apache.maven.surefire.booter.ProviderFactory$ProviderProxy.invoke(ProviderFactory.java:165)
	at org.apache.maven.surefire.booter.ProviderFactory.invokeProvider(ProviderFactory.java:85)
	at org.apache.maven.surefire.booter.ForkedBooter.runSuitesInProcess(ForkedBooter.java:115)
	at org.apache.maven.surefire.booter.ForkedBooter.main(ForkedBooter.java:75)
</system-err>
  </testcase>
  <testcase classname="Is it Friday yet? #2" name="Checking table values on w3schools.com #2" time="0.004">
    <error type="java.lang.NullPointerException">java.lang.NullPointerException
	at org.example.base.BaseSelenium.initializeDriver(BaseSelenium.java:49)
	at org.example.StepDefinitions.im_on_w3schools_table_page(StepDefinitions.java:44)
	at ✽.I&apos;m on w3schools HTML tables page(classpath:org/example/is_it_friday_yet.feature:27)
</error>
    <system-out>
Scenario Outline: Checking table values on w3schools.com &amp;#27;[90m# org/example/is_it_friday_yet.feature:38&amp;#27;[0m
null
  &amp;#27;[31mGiven &amp;#27;[0m&amp;#27;[31mI&apos;m on w3schools HTML tables page&amp;#27;[0m                &amp;#27;[90m# org.example.StepDefinitions.im_on_w3schools_table_page()&amp;#27;[0m
      &amp;#27;[31mjava.lang.NullPointerException
	at org.example.base.BaseSelenium.initializeDriver(BaseSelenium.java:49)
	at org.example.StepDefinitions.im_on_w3schools_table_page(StepDefinitions.java:44)
	at ✽.I&apos;m on w3schools HTML tables page(classpath:org/example/is_it_friday_yet.feature:27)
&amp;#27;[0m
  &amp;#27;[36mWhen &amp;#27;[0m&amp;#27;[36mI check first row&amp;#27;[0m                                 &amp;#27;[90m# org.example.StepDefinitions.i_check_first_row()&amp;#27;[0m
  &amp;#27;[36mThen &amp;#27;[0m&amp;#27;[36mI should be told &amp;#27;[0m&amp;#27;[36m&amp;#27;[1m&quot;Nope&quot;&amp;#27;[0m                           &amp;#27;[90m# org.example.StepDefinitions.i_should_be_told(java.lang.String)&amp;#27;[0m
</system-out>
    <system-err>java.io.FileNotFoundException: C:\Users\BlackPorcupine\Documents\Spring_Projects\CucumberPOC\src\main\resources\data.properties (The system cannot find the path specified)
	at java.io.FileInputStream.open0(Native Method)
	at java.io.FileInputStream.open(FileInputStream.java:195)
	at java.io.FileInputStream.&lt;init&gt;(FileInputStream.java:138)
	at java.io.FileInputStream.&lt;init&gt;(FileInputStream.java:93)
	at org.example.base.BaseSelenium.initializeDriver(BaseSelenium.java:39)
	at org.example.StepDefinitions.im_on_w3schools_table_page(StepDefinitions.java:44)
	at sun.reflect.NativeMethodAccessorImpl.invoke0(Native Method)
	at sun.reflect.NativeMethodAccessorImpl.invoke(NativeMethodAccessorImpl.java:62)
	at sun.reflect.DelegatingMethodAccessorImpl.invoke(DelegatingMethodAccessorImpl.java:43)
	at java.lang.reflect.Method.invoke(Method.java:498)
	at io.cucumber.java.Invoker.doInvoke(Invoker.java:66)
	at io.cucumber.java.Invoker.invoke(Invoker.java:24)
	at io.cucumber.java.AbstractGlueDefinition.invokeMethod(AbstractGlueDefinition.java:47)
	at io.cucumber.java.JavaStepDefinition.execute(JavaStepDefinition.java:29)
	at io.cucumber.core.runner.CoreStepDefinition.execute(CoreStepDefinition.java:66)
	at io.cucumber.core.runner.PickleStepDefinitionMatch.runStep(PickleStepDefinitionMatch.java:63)
	at io.cucumber.core.runner.ExecutionMode$1.execute(ExecutionMode.java:10)
	at io.cucumber.core.runner.TestStep.executeStep(TestStep.java:92)
	at io.cucumber.core.runner.TestStep.run(TestStep.java:64)
	at io.cucumber.core.runner.PickleStepTestStep.run(PickleStepTestStep.java:51)
	at io.cucumber.core.runner.TestCase.run(TestCase.java:104)
	at io.cucumber.core.runner.Runner.runPickle(Runner.java:71)
	at io.cucumber.junit.PickleRunners$NoStepDescriptions.run(PickleRunners.java:151)
	at io.cucumber.junit.FeatureRunner.runChild(FeatureRunner.java:135)
	at io.cucumber.junit.FeatureRunner.runChild(FeatureRunner.java:27)
	at org.junit.runners.ParentRunner$4.run(ParentRunner.java:331)
	at org.junit.runners.ParentRunner$1.schedule(ParentRunner.java:79)
	at org.junit.runners.ParentRunner.runChildren(ParentRunner.java:329)
	at org.junit.runners.ParentRunner.access$100(ParentRunner.java:66)
	at org.junit.runners.ParentRunner$2.evaluate(ParentRunner.java:293)
	at org.junit.runners.ParentRunner$3.evaluate(ParentRunner.java:306)
	at org.junit.runners.ParentRunner.run(ParentRunner.java:413)
	at io.cucumber.junit.Cucumber.runChild(Cucumber.java:199)
	at io.cucumber.junit.Cucumber.runChild(Cucumber.java:90)
	at org.junit.runners.ParentRunner$4.run(ParentRunner.java:331)
	at org.junit.runners.ParentRunner$1.schedule(ParentRunner.java:79)
	at org.junit.runners.ParentRunner.runChildren(ParentRunner.java:329)
	at org.junit.runners.ParentRunner.access$100(ParentRunner.java:66)
	at org.junit.runners.ParentRunner$2.evaluate(ParentRunner.java:293)
	at io.cucumber.junit.Cucumber$RunCucumber.evaluate(Cucumber.java:234)
	at org.junit.runners.ParentRunner$3.evaluate(ParentRunner.java:306)
	at org.junit.runners.ParentRunner.run(ParentRunner.java:413)
	at org.apache.maven.surefire.junit4.JUnit4Provider.execute(JUnit4Provider.java:252)
	at org.apache.maven.surefire.junit4.JUnit4Provider.executeTestSet(JUnit4Provider.java:141)
	at org.apache.maven.surefire.junit4.JUnit4Provider.invoke(JUnit4Provider.java:112)
	at sun.reflect.NativeMethodAccessorImpl.invoke0(Native Method)
	at sun.reflect.NativeMethodAccessorImpl.invoke(NativeMethodAccessorImpl.java:62)
	at sun.reflect.DelegatingMethodAccessorImpl.invoke(DelegatingMethodAccessorImpl.java:43)
	at java.lang.reflect.Method.invoke(Method.java:498)
	at org.apache.maven.surefire.util.ReflectionUtils.invokeMethodWithArray(ReflectionUtils.java:189)
	at org.apache.maven.surefire.booter.ProviderFactory$ProviderProxy.invoke(ProviderFactory.java:165)
	at org.apache.maven.surefire.booter.ProviderFactory.invokeProvider(ProviderFactory.java:85)
	at org.apache.maven.surefire.booter.ForkedBooter.runSuitesInProcess(ForkedBooter.java:115)
	at org.apache.maven.surefire.booter.ForkedBooter.main(ForkedBooter.java:75)
</system-err>
  </testcase>
</testsuite>